<?xml version="1.0" encoding="UTF-8"?>
<testsuite xmlns:xsi="http://www.w3.org/2001/XMLSchema-instance" xsi:noNamespaceSchemaLocation="https://maven.apache.org/surefire/maven-surefire-plugin/xsd/surefire-test-report.xsd" version="3.0.2" name="com.cypcode.quartz_microservice.ApplicationTests" time="23.392" tests="1" errors="0" skipped="0" failures="0">
  <properties>
    <property name="java.specification.version" value="17"/>
    <property name="sun.jnu.encoding" value="UTF-8"/>
    <property name="java.class.path" value="/Users/nkululekog/Documents/Projects/Cypcode/Cypcode Studios/quartz-microservice/target/test-classes:/Users/nkululekog/Documents/Projects/Cypcode/Cypcode Studios/quartz-microservice/target/classes:/Users/nkululekog/.m2/repository/org/springframework/boot/spring-boot-starter-data-jpa/3.4.1/spring-boot-starter-data-jpa-3.4.1.jar:/Users/nkululekog/.m2/repository/org/springframework/boot/spring-boot-starter/3.4.1/spring-boot-starter-3.4.1.jar:/Users/nkululekog/.m2/repository/org/springframework/boot/spring-boot-starter-logging/3.4.1/spring-boot-starter-logging-3.4.1.jar:/Users/nkululekog/.m2/repository/ch/qos/logback/logback-classic/1.5.12/logback-classic-1.5.12.jar:/Users/nkululekog/.m2/repository/ch/qos/logback/logback-core/1.5.12/logback-core-1.5.12.jar:/Users/nkululekog/.m2/repository/org/apache/logging/log4j/log4j-to-slf4j/2.24.3/log4j-to-slf4j-2.24.3.jar:/Users/nkululekog/.m2/repository/org/apache/logging/log4j/log4j-api/2.24.3/log4j-api-2.24.3.jar:/Users/nkululekog/.m2/repository/org/slf4j/jul-to-slf4j/2.0.16/jul-to-slf4j-2.0.16.jar:/Users/nkululekog/.m2/repository/jakarta/annotation/jakarta.annotation-api/2.1.1/jakarta.annotation-api-2.1.1.jar:/Users/nkululekog/.m2/repository/org/springframework/boot/spring-boot-starter-jdbc/3.4.1/spring-boot-starter-jdbc-3.4.1.jar:/Users/nkululekog/.m2/repository/com/zaxxer/HikariCP/5.1.0/HikariCP-5.1.0.jar:/Users/nkululekog/.m2/repository/org/springframework/spring-jdbc/6.2.1/spring-jdbc-6.2.1.jar:/Users/nkululekog/.m2/repository/org/hibernate/orm/hibernate-core/6.6.4.Final/hibernate-core-6.6.4.Final.jar:/Users/nkululekog/.m2/repository/jakarta/persistence/jakarta.persistence-api/3.1.0/jakarta.persistence-api-3.1.0.jar:/Users/nkululekog/.m2/repository/jakarta/transaction/jakarta.transaction-api/2.0.1/jakarta.transaction-api-2.0.1.jar:/Users/nkululekog/.m2/repository/org/jboss/logging/jboss-logging/3.6.1.Final/jboss-logging-3.6.1.Final.jar:/Users/nkululekog/.m2/repository/org/hibernate/common/hibernate-commons-annotations/7.0.3.Final/hibernate-commons-annotations-7.0.3.Final.jar:/Users/nkululekog/.m2/repository/io/smallrye/jandex/3.2.0/jandex-3.2.0.jar:/Users/nkululekog/.m2/repository/com/fasterxml/classmate/1.7.0/classmate-1.7.0.jar:/Users/nkululekog/.m2/repository/net/bytebuddy/byte-buddy/1.15.11/byte-buddy-1.15.11.jar:/Users/nkululekog/.m2/repository/org/glassfish/jaxb/jaxb-runtime/4.0.5/jaxb-runtime-4.0.5.jar:/Users/nkululekog/.m2/repository/org/glassfish/jaxb/jaxb-core/4.0.5/jaxb-core-4.0.5.jar:/Users/nkululekog/.m2/repository/org/eclipse/angus/angus-activation/2.0.2/angus-activation-2.0.2.jar:/Users/nkululekog/.m2/repository/org/glassfish/jaxb/txw2/4.0.5/txw2-4.0.5.jar:/Users/nkululekog/.m2/repository/com/sun/istack/istack-commons-runtime/4.1.2/istack-commons-runtime-4.1.2.jar:/Users/nkululekog/.m2/repository/jakarta/inject/jakarta.inject-api/2.0.1/jakarta.inject-api-2.0.1.jar:/Users/nkululekog/.m2/repository/org/antlr/antlr4-runtime/4.13.0/antlr4-runtime-4.13.0.jar:/Users/nkululekog/.m2/repository/org/springframework/data/spring-data-jpa/3.4.1/spring-data-jpa-3.4.1.jar:/Users/nkululekog/.m2/repository/org/springframework/data/spring-data-commons/3.4.1/spring-data-commons-3.4.1.jar:/Users/nkululekog/.m2/repository/org/springframework/spring-orm/6.2.1/spring-orm-6.2.1.jar:/Users/nkululekog/.m2/repository/org/springframework/spring-context/6.2.1/spring-context-6.2.1.jar:/Users/nkululekog/.m2/repository/org/springframework/spring-aop/6.2.1/spring-aop-6.2.1.jar:/Users/nkululekog/.m2/repository/org/springframework/spring-beans/6.2.1/spring-beans-6.2.1.jar:/Users/nkululekog/.m2/repository/org/slf4j/slf4j-api/2.0.16/slf4j-api-2.0.16.jar:/Users/nkululekog/.m2/repository/org/springframework/spring-aspects/6.2.1/spring-aspects-6.2.1.jar:/Users/nkululekog/.m2/repository/org/aspectj/aspectjweaver/1.9.22.1/aspectjweaver-1.9.22.1.jar:/Users/nkululekog/.m2/repository/org/springframework/boot/spring-boot-starter-quartz/3.4.1/spring-boot-starter-quartz-3.4.1.jar:/Users/nkululekog/.m2/repository/org/springframework/spring-context-support/6.2.1/spring-context-support-6.2.1.jar:/Users/nkululekog/.m2/repository/org/springframework/spring-tx/6.2.1/spring-tx-6.2.1.jar:/Users/nkululekog/.m2/repository/org/quartz-scheduler/quartz/2.3.2/quartz-2.3.2.jar:/Users/nkululekog/.m2/repository/com/mchange/mchange-commons-java/0.2.15/mchange-commons-java-0.2.15.jar:/Users/nkululekog/.m2/repository/org/springframework/boot/spring-boot-starter-web/3.4.1/spring-boot-starter-web-3.4.1.jar:/Users/nkululekog/.m2/repository/org/springframework/boot/spring-boot-starter-json/3.4.1/spring-boot-starter-json-3.4.1.jar:/Users/nkululekog/.m2/repository/com/fasterxml/jackson/core/jackson-databind/2.18.2/jackson-databind-2.18.2.jar:/Users/nkululekog/.m2/repository/com/fasterxml/jackson/core/jackson-annotations/2.18.2/jackson-annotations-2.18.2.jar:/Users/nkululekog/.m2/repository/com/fasterxml/jackson/core/jackson-core/2.18.2/jackson-core-2.18.2.jar:/Users/nkululekog/.m2/repository/com/fasterxml/jackson/datatype/jackson-datatype-jdk8/2.18.2/jackson-datatype-jdk8-2.18.2.jar:/Users/nkululekog/.m2/repository/com/fasterxml/jackson/datatype/jackson-datatype-jsr310/2.18.2/jackson-datatype-jsr310-2.18.2.jar:/Users/nkululekog/.m2/repository/com/fasterxml/jackson/module/jackson-module-parameter-names/2.18.2/jackson-module-parameter-names-2.18.2.jar:/Users/nkululekog/.m2/repository/org/springframework/boot/spring-boot-starter-tomcat/3.4.1/spring-boot-starter-tomcat-3.4.1.jar:/Users/nkululekog/.m2/repository/org/apache/tomcat/embed/tomcat-embed-core/10.1.34/tomcat-embed-core-10.1.34.jar:/Users/nkululekog/.m2/repository/org/apache/tomcat/embed/tomcat-embed-el/10.1.34/tomcat-embed-el-10.1.34.jar:/Users/nkululekog/.m2/repository/org/apache/tomcat/embed/tomcat-embed-websocket/10.1.34/tomcat-embed-websocket-10.1.34.jar:/Users/nkululekog/.m2/repository/org/springframework/spring-web/6.2.1/spring-web-6.2.1.jar:/Users/nkululekog/.m2/repository/io/micrometer/micrometer-observation/1.14.2/micrometer-observation-1.14.2.jar:/Users/nkululekog/.m2/repository/io/micrometer/micrometer-commons/1.14.2/micrometer-commons-1.14.2.jar:/Users/nkululekog/.m2/repository/org/springframework/spring-webmvc/6.2.1/spring-webmvc-6.2.1.jar:/Users/nkululekog/.m2/repository/org/springframework/spring-expression/6.2.1/spring-expression-6.2.1.jar:/Users/nkululekog/.m2/repository/org/liquibase/liquibase-core/4.29.2/liquibase-core-4.29.2.jar:/Users/nkululekog/.m2/repository/com/opencsv/opencsv/5.9/opencsv-5.9.jar:/Users/nkululekog/.m2/repository/org/yaml/snakeyaml/2.3/snakeyaml-2.3.jar:/Users/nkululekog/.m2/repository/javax/xml/bind/jaxb-api/2.3.1/jaxb-api-2.3.1.jar:/Users/nkululekog/.m2/repository/commons-io/commons-io/2.16.1/commons-io-2.16.1.jar:/Users/nkululekog/.m2/repository/org/apache/commons/commons-collections4/4.4/commons-collections4-4.4.jar:/Users/nkululekog/.m2/repository/org/apache/commons/commons-text/1.12.0/commons-text-1.12.0.jar:/Users/nkululekog/.m2/repository/org/apache/commons/commons-lang3/3.17.0/commons-lang3-3.17.0.jar:/Users/nkululekog/.m2/repository/org/springframework/boot/spring-boot-devtools/3.4.1/spring-boot-devtools-3.4.1.jar:/Users/nkululekog/.m2/repository/org/springframework/boot/spring-boot/3.4.1/spring-boot-3.4.1.jar:/Users/nkululekog/.m2/repository/org/springframework/boot/spring-boot-autoconfigure/3.4.1/spring-boot-autoconfigure-3.4.1.jar:/Users/nkululekog/.m2/repository/com/h2database/h2/2.3.232/h2-2.3.232.jar:/Users/nkululekog/.m2/repository/org/projectlombok/lombok/1.18.36/lombok-1.18.36.jar:/Users/nkululekog/.m2/repository/org/springframework/boot/spring-boot-starter-test/3.4.1/spring-boot-starter-test-3.4.1.jar:/Users/nkululekog/.m2/repository/org/springframework/boot/spring-boot-test/3.4.1/spring-boot-test-3.4.1.jar:/Users/nkululekog/.m2/repository/org/springframework/boot/spring-boot-test-autoconfigure/3.4.1/spring-boot-test-autoconfigure-3.4.1.jar:/Users/nkululekog/.m2/repository/com/jayway/jsonpath/json-path/2.9.0/json-path-2.9.0.jar:/Users/nkululekog/.m2/repository/jakarta/xml/bind/jakarta.xml.bind-api/4.0.2/jakarta.xml.bind-api-4.0.2.jar:/Users/nkululekog/.m2/repository/jakarta/activation/jakarta.activation-api/2.1.3/jakarta.activation-api-2.1.3.jar:/Users/nkululekog/.m2/repository/net/minidev/json-smart/2.5.1/json-smart-2.5.1.jar:/Users/nkululekog/.m2/repository/net/minidev/accessors-smart/2.5.1/accessors-smart-2.5.1.jar:/Users/nkululekog/.m2/repository/org/ow2/asm/asm/9.6/asm-9.6.jar:/Users/nkululekog/.m2/repository/org/assertj/assertj-core/3.26.3/assertj-core-3.26.3.jar:/Users/nkululekog/.m2/repository/org/awaitility/awaitility/4.2.2/awaitility-4.2.2.jar:/Users/nkululekog/.m2/repository/org/hamcrest/hamcrest/2.2/hamcrest-2.2.jar:/Users/nkululekog/.m2/repository/org/junit/jupiter/junit-jupiter/5.11.4/junit-jupiter-5.11.4.jar:/Users/nkululekog/.m2/repository/org/junit/jupiter/junit-jupiter-api/5.11.4/junit-jupiter-api-5.11.4.jar:/Users/nkululekog/.m2/repository/org/opentest4j/opentest4j/1.3.0/opentest4j-1.3.0.jar:/Users/nkululekog/.m2/repository/org/junit/platform/junit-platform-commons/1.11.4/junit-platform-commons-1.11.4.jar:/Users/nkululekog/.m2/repository/org/apiguardian/apiguardian-api/1.1.2/apiguardian-api-1.1.2.jar:/Users/nkululekog/.m2/repository/org/junit/jupiter/junit-jupiter-params/5.11.4/junit-jupiter-params-5.11.4.jar:/Users/nkululekog/.m2/repository/org/junit/jupiter/junit-jupiter-engine/5.11.4/junit-jupiter-engine-5.11.4.jar:/Users/nkululekog/.m2/repository/org/junit/platform/junit-platform-engine/1.11.4/junit-platform-engine-1.11.4.jar:/Users/nkululekog/.m2/repository/org/mockito/mockito-core/5.14.2/mockito-core-5.14.2.jar:/Users/nkululekog/.m2/repository/net/bytebuddy/byte-buddy-agent/1.15.11/byte-buddy-agent-1.15.11.jar:/Users/nkululekog/.m2/repository/org/objenesis/objenesis/3.3/objenesis-3.3.jar:/Users/nkululekog/.m2/repository/org/mockito/mockito-junit-jupiter/5.14.2/mockito-junit-jupiter-5.14.2.jar:/Users/nkululekog/.m2/repository/org/skyscreamer/jsonassert/1.5.3/jsonassert-1.5.3.jar:/Users/nkululekog/.m2/repository/com/vaadin/external/google/android-json/0.0.20131108.vaadin1/android-json-0.0.20131108.vaadin1.jar:/Users/nkululekog/.m2/repository/org/springframework/spring-core/6.2.1/spring-core-6.2.1.jar:/Users/nkululekog/.m2/repository/org/springframework/spring-jcl/6.2.1/spring-jcl-6.2.1.jar:/Users/nkululekog/.m2/repository/org/springframework/spring-test/6.2.1/spring-test-6.2.1.jar:/Users/nkululekog/.m2/repository/org/xmlunit/xmlunit-core/2.10.0/xmlunit-core-2.10.0.jar:/Users/nkululekog/.m2/repository/org/springdoc/springdoc-openapi-starter-webmvc-ui/2.5.0/springdoc-openapi-starter-webmvc-ui-2.5.0.jar:/Users/nkululekog/.m2/repository/org/springdoc/springdoc-openapi-starter-webmvc-api/2.5.0/springdoc-openapi-starter-webmvc-api-2.5.0.jar:/Users/nkululekog/.m2/repository/org/springdoc/springdoc-openapi-starter-common/2.5.0/springdoc-openapi-starter-common-2.5.0.jar:/Users/nkululekog/.m2/repository/io/swagger/core/v3/swagger-core-jakarta/2.2.21/swagger-core-jakarta-2.2.21.jar:/Users/nkululekog/.m2/repository/io/swagger/core/v3/swagger-annotations-jakarta/2.2.21/swagger-annotations-jakarta-2.2.21.jar:/Users/nkululekog/.m2/repository/io/swagger/core/v3/swagger-models-jakarta/2.2.21/swagger-models-jakarta-2.2.21.jar:/Users/nkululekog/.m2/repository/jakarta/validation/jakarta.validation-api/3.0.2/jakarta.validation-api-3.0.2.jar:/Users/nkululekog/.m2/repository/com/fasterxml/jackson/dataformat/jackson-dataformat-yaml/2.18.2/jackson-dataformat-yaml-2.18.2.jar:/Users/nkululekog/.m2/repository/org/webjars/swagger-ui/5.13.0/swagger-ui-5.13.0.jar:"/>
    <property name="java.vm.vendor" value="Eclipse Adoptium"/>
    <property name="sun.arch.data.model" value="64"/>
    <property name="java.vendor.url" value="https://adoptium.net/"/>
    <property name="user.timezone" value="Africa/Johannesburg"/>
    <property name="org.jboss.logging.provider" value="slf4j"/>
    <property name="os.name" value="Mac OS X"/>
    <property name="java.vm.specification.version" value="17"/>
    <property name="APPLICATION_NAME" value="quartz-microservice"/>
    <property name="sun.java.launcher" value="SUN_STANDARD"/>
    <property name="user.country" value="ZA"/>
    <property name="sun.boot.library.path" value="/Applications/SpringToolSuite4.app/Contents/Eclipse/plugins/org.eclipse.justj.openjdk.hotspot.jre.full.macosx.x86_64_17.0.9.v20231028-0858/jre/lib"/>
    <property name="sun.java.command" value="/Users/nkululekog/Documents/Projects/Cypcode/Cypcode Studios/quartz-microservice/target/surefire/surefirebooter-20250111214100289_3.jar /Users/nkululekog/Documents/Projects/Cypcode/Cypcode Studios/quartz-microservice/target/surefire 2025-01-11T21-40-59_930-jvmRun1 surefire-20250111214100289_1tmp surefire_0-20250111214100289_2tmp"/>
    <property name="http.nonProxyHosts" value="local|*.local|169.254/16|*.169.254/16"/>
    <property name="jdk.debug" value="release"/>
    <property name="surefire.test.class.path" value="/Users/nkululekog/Documents/Projects/Cypcode/Cypcode Studios/quartz-microservice/target/test-classes:/Users/nkululekog/Documents/Projects/Cypcode/Cypcode Studios/quartz-microservice/target/classes:/Users/nkululekog/.m2/repository/org/springframework/boot/spring-boot-starter-data-jpa/3.4.1/spring-boot-starter-data-jpa-3.4.1.jar:/Users/nkululekog/.m2/repository/org/springframework/boot/spring-boot-starter/3.4.1/spring-boot-starter-3.4.1.jar:/Users/nkululekog/.m2/repository/org/springframework/boot/spring-boot-starter-logging/3.4.1/spring-boot-starter-logging-3.4.1.jar:/Users/nkululekog/.m2/repository/ch/qos/logback/logback-classic/1.5.12/logback-classic-1.5.12.jar:/Users/nkululekog/.m2/repository/ch/qos/logback/logback-core/1.5.12/logback-core-1.5.12.jar:/Users/nkululekog/.m2/repository/org/apache/logging/log4j/log4j-to-slf4j/2.24.3/log4j-to-slf4j-2.24.3.jar:/Users/nkululekog/.m2/repository/org/apache/logging/log4j/log4j-api/2.24.3/log4j-api-2.24.3.jar:/Users/nkululekog/.m2/repository/org/slf4j/jul-to-slf4j/2.0.16/jul-to-slf4j-2.0.16.jar:/Users/nkululekog/.m2/repository/jakarta/annotation/jakarta.annotation-api/2.1.1/jakarta.annotation-api-2.1.1.jar:/Users/nkululekog/.m2/repository/org/springframework/boot/spring-boot-starter-jdbc/3.4.1/spring-boot-starter-jdbc-3.4.1.jar:/Users/nkululekog/.m2/repository/com/zaxxer/HikariCP/5.1.0/HikariCP-5.1.0.jar:/Users/nkululekog/.m2/repository/org/springframework/spring-jdbc/6.2.1/spring-jdbc-6.2.1.jar:/Users/nkululekog/.m2/repository/org/hibernate/orm/hibernate-core/6.6.4.Final/hibernate-core-6.6.4.Final.jar:/Users/nkululekog/.m2/repository/jakarta/persistence/jakarta.persistence-api/3.1.0/jakarta.persistence-api-3.1.0.jar:/Users/nkululekog/.m2/repository/jakarta/transaction/jakarta.transaction-api/2.0.1/jakarta.transaction-api-2.0.1.jar:/Users/nkululekog/.m2/repository/org/jboss/logging/jboss-logging/3.6.1.Final/jboss-logging-3.6.1.Final.jar:/Users/nkululekog/.m2/repository/org/hibernate/common/hibernate-commons-annotations/7.0.3.Final/hibernate-commons-annotations-7.0.3.Final.jar:/Users/nkululekog/.m2/repository/io/smallrye/jandex/3.2.0/jandex-3.2.0.jar:/Users/nkululekog/.m2/repository/com/fasterxml/classmate/1.7.0/classmate-1.7.0.jar:/Users/nkululekog/.m2/repository/net/bytebuddy/byte-buddy/1.15.11/byte-buddy-1.15.11.jar:/Users/nkululekog/.m2/repository/org/glassfish/jaxb/jaxb-runtime/4.0.5/jaxb-runtime-4.0.5.jar:/Users/nkululekog/.m2/repository/org/glassfish/jaxb/jaxb-core/4.0.5/jaxb-core-4.0.5.jar:/Users/nkululekog/.m2/repository/org/eclipse/angus/angus-activation/2.0.2/angus-activation-2.0.2.jar:/Users/nkululekog/.m2/repository/org/glassfish/jaxb/txw2/4.0.5/txw2-4.0.5.jar:/Users/nkululekog/.m2/repository/com/sun/istack/istack-commons-runtime/4.1.2/istack-commons-runtime-4.1.2.jar:/Users/nkululekog/.m2/repository/jakarta/inject/jakarta.inject-api/2.0.1/jakarta.inject-api-2.0.1.jar:/Users/nkululekog/.m2/repository/org/antlr/antlr4-runtime/4.13.0/antlr4-runtime-4.13.0.jar:/Users/nkululekog/.m2/repository/org/springframework/data/spring-data-jpa/3.4.1/spring-data-jpa-3.4.1.jar:/Users/nkululekog/.m2/repository/org/springframework/data/spring-data-commons/3.4.1/spring-data-commons-3.4.1.jar:/Users/nkululekog/.m2/repository/org/springframework/spring-orm/6.2.1/spring-orm-6.2.1.jar:/Users/nkululekog/.m2/repository/org/springframework/spring-context/6.2.1/spring-context-6.2.1.jar:/Users/nkululekog/.m2/repository/org/springframework/spring-aop/6.2.1/spring-aop-6.2.1.jar:/Users/nkululekog/.m2/repository/org/springframework/spring-beans/6.2.1/spring-beans-6.2.1.jar:/Users/nkululekog/.m2/repository/org/slf4j/slf4j-api/2.0.16/slf4j-api-2.0.16.jar:/Users/nkululekog/.m2/repository/org/springframework/spring-aspects/6.2.1/spring-aspects-6.2.1.jar:/Users/nkululekog/.m2/repository/org/aspectj/aspectjweaver/1.9.22.1/aspectjweaver-1.9.22.1.jar:/Users/nkululekog/.m2/repository/org/springframework/boot/spring-boot-starter-quartz/3.4.1/spring-boot-starter-quartz-3.4.1.jar:/Users/nkululekog/.m2/repository/org/springframework/spring-context-support/6.2.1/spring-context-support-6.2.1.jar:/Users/nkululekog/.m2/repository/org/springframework/spring-tx/6.2.1/spring-tx-6.2.1.jar:/Users/nkululekog/.m2/repository/org/quartz-scheduler/quartz/2.3.2/quartz-2.3.2.jar:/Users/nkululekog/.m2/repository/com/mchange/mchange-commons-java/0.2.15/mchange-commons-java-0.2.15.jar:/Users/nkululekog/.m2/repository/org/springframework/boot/spring-boot-starter-web/3.4.1/spring-boot-starter-web-3.4.1.jar:/Users/nkululekog/.m2/repository/org/springframework/boot/spring-boot-starter-json/3.4.1/spring-boot-starter-json-3.4.1.jar:/Users/nkululekog/.m2/repository/com/fasterxml/jackson/core/jackson-databind/2.18.2/jackson-databind-2.18.2.jar:/Users/nkululekog/.m2/repository/com/fasterxml/jackson/core/jackson-annotations/2.18.2/jackson-annotations-2.18.2.jar:/Users/nkululekog/.m2/repository/com/fasterxml/jackson/core/jackson-core/2.18.2/jackson-core-2.18.2.jar:/Users/nkululekog/.m2/repository/com/fasterxml/jackson/datatype/jackson-datatype-jdk8/2.18.2/jackson-datatype-jdk8-2.18.2.jar:/Users/nkululekog/.m2/repository/com/fasterxml/jackson/datatype/jackson-datatype-jsr310/2.18.2/jackson-datatype-jsr310-2.18.2.jar:/Users/nkululekog/.m2/repository/com/fasterxml/jackson/module/jackson-module-parameter-names/2.18.2/jackson-module-parameter-names-2.18.2.jar:/Users/nkululekog/.m2/repository/org/springframework/boot/spring-boot-starter-tomcat/3.4.1/spring-boot-starter-tomcat-3.4.1.jar:/Users/nkululekog/.m2/repository/org/apache/tomcat/embed/tomcat-embed-core/10.1.34/tomcat-embed-core-10.1.34.jar:/Users/nkululekog/.m2/repository/org/apache/tomcat/embed/tomcat-embed-el/10.1.34/tomcat-embed-el-10.1.34.jar:/Users/nkululekog/.m2/repository/org/apache/tomcat/embed/tomcat-embed-websocket/10.1.34/tomcat-embed-websocket-10.1.34.jar:/Users/nkululekog/.m2/repository/org/springframework/spring-web/6.2.1/spring-web-6.2.1.jar:/Users/nkululekog/.m2/repository/io/micrometer/micrometer-observation/1.14.2/micrometer-observation-1.14.2.jar:/Users/nkululekog/.m2/repository/io/micrometer/micrometer-commons/1.14.2/micrometer-commons-1.14.2.jar:/Users/nkululekog/.m2/repository/org/springframework/spring-webmvc/6.2.1/spring-webmvc-6.2.1.jar:/Users/nkululekog/.m2/repository/org/springframework/spring-expression/6.2.1/spring-expression-6.2.1.jar:/Users/nkululekog/.m2/repository/org/liquibase/liquibase-core/4.29.2/liquibase-core-4.29.2.jar:/Users/nkululekog/.m2/repository/com/opencsv/opencsv/5.9/opencsv-5.9.jar:/Users/nkululekog/.m2/repository/org/yaml/snakeyaml/2.3/snakeyaml-2.3.jar:/Users/nkululekog/.m2/repository/javax/xml/bind/jaxb-api/2.3.1/jaxb-api-2.3.1.jar:/Users/nkululekog/.m2/repository/commons-io/commons-io/2.16.1/commons-io-2.16.1.jar:/Users/nkululekog/.m2/repository/org/apache/commons/commons-collections4/4.4/commons-collections4-4.4.jar:/Users/nkululekog/.m2/repository/org/apache/commons/commons-text/1.12.0/commons-text-1.12.0.jar:/Users/nkululekog/.m2/repository/org/apache/commons/commons-lang3/3.17.0/commons-lang3-3.17.0.jar:/Users/nkululekog/.m2/repository/org/springframework/boot/spring-boot-devtools/3.4.1/spring-boot-devtools-3.4.1.jar:/Users/nkululekog/.m2/repository/org/springframework/boot/spring-boot/3.4.1/spring-boot-3.4.1.jar:/Users/nkululekog/.m2/repository/org/springframework/boot/spring-boot-autoconfigure/3.4.1/spring-boot-autoconfigure-3.4.1.jar:/Users/nkululekog/.m2/repository/com/h2database/h2/2.3.232/h2-2.3.232.jar:/Users/nkululekog/.m2/repository/org/projectlombok/lombok/1.18.36/lombok-1.18.36.jar:/Users/nkululekog/.m2/repository/org/springframework/boot/spring-boot-starter-test/3.4.1/spring-boot-starter-test-3.4.1.jar:/Users/nkululekog/.m2/repository/org/springframework/boot/spring-boot-test/3.4.1/spring-boot-test-3.4.1.jar:/Users/nkululekog/.m2/repository/org/springframework/boot/spring-boot-test-autoconfigure/3.4.1/spring-boot-test-autoconfigure-3.4.1.jar:/Users/nkululekog/.m2/repository/com/jayway/jsonpath/json-path/2.9.0/json-path-2.9.0.jar:/Users/nkululekog/.m2/repository/jakarta/xml/bind/jakarta.xml.bind-api/4.0.2/jakarta.xml.bind-api-4.0.2.jar:/Users/nkululekog/.m2/repository/jakarta/activation/jakarta.activation-api/2.1.3/jakarta.activation-api-2.1.3.jar:/Users/nkululekog/.m2/repository/net/minidev/json-smart/2.5.1/json-smart-2.5.1.jar:/Users/nkululekog/.m2/repository/net/minidev/accessors-smart/2.5.1/accessors-smart-2.5.1.jar:/Users/nkululekog/.m2/repository/org/ow2/asm/asm/9.6/asm-9.6.jar:/Users/nkululekog/.m2/repository/org/assertj/assertj-core/3.26.3/assertj-core-3.26.3.jar:/Users/nkululekog/.m2/repository/org/awaitility/awaitility/4.2.2/awaitility-4.2.2.jar:/Users/nkululekog/.m2/repository/org/hamcrest/hamcrest/2.2/hamcrest-2.2.jar:/Users/nkululekog/.m2/repository/org/junit/jupiter/junit-jupiter/5.11.4/junit-jupiter-5.11.4.jar:/Users/nkululekog/.m2/repository/org/junit/jupiter/junit-jupiter-api/5.11.4/junit-jupiter-api-5.11.4.jar:/Users/nkululekog/.m2/repository/org/opentest4j/opentest4j/1.3.0/opentest4j-1.3.0.jar:/Users/nkululekog/.m2/repository/org/junit/platform/junit-platform-commons/1.11.4/junit-platform-commons-1.11.4.jar:/Users/nkululekog/.m2/repository/org/apiguardian/apiguardian-api/1.1.2/apiguardian-api-1.1.2.jar:/Users/nkululekog/.m2/repository/org/junit/jupiter/junit-jupiter-params/5.11.4/junit-jupiter-params-5.11.4.jar:/Users/nkululekog/.m2/repository/org/junit/jupiter/junit-jupiter-engine/5.11.4/junit-jupiter-engine-5.11.4.jar:/Users/nkululekog/.m2/repository/org/junit/platform/junit-platform-engine/1.11.4/junit-platform-engine-1.11.4.jar:/Users/nkululekog/.m2/repository/org/mockito/mockito-core/5.14.2/mockito-core-5.14.2.jar:/Users/nkululekog/.m2/repository/net/bytebuddy/byte-buddy-agent/1.15.11/byte-buddy-agent-1.15.11.jar:/Users/nkululekog/.m2/repository/org/objenesis/objenesis/3.3/objenesis-3.3.jar:/Users/nkululekog/.m2/repository/org/mockito/mockito-junit-jupiter/5.14.2/mockito-junit-jupiter-5.14.2.jar:/Users/nkululekog/.m2/repository/org/skyscreamer/jsonassert/1.5.3/jsonassert-1.5.3.jar:/Users/nkululekog/.m2/repository/com/vaadin/external/google/android-json/0.0.20131108.vaadin1/android-json-0.0.20131108.vaadin1.jar:/Users/nkululekog/.m2/repository/org/springframework/spring-core/6.2.1/spring-core-6.2.1.jar:/Users/nkululekog/.m2/repository/org/springframework/spring-jcl/6.2.1/spring-jcl-6.2.1.jar:/Users/nkululekog/.m2/repository/org/springframework/spring-test/6.2.1/spring-test-6.2.1.jar:/Users/nkululekog/.m2/repository/org/xmlunit/xmlunit-core/2.10.0/xmlunit-core-2.10.0.jar:/Users/nkululekog/.m2/repository/org/springdoc/springdoc-openapi-starter-webmvc-ui/2.5.0/springdoc-openapi-starter-webmvc-ui-2.5.0.jar:/Users/nkululekog/.m2/repository/org/springdoc/springdoc-openapi-starter-webmvc-api/2.5.0/springdoc-openapi-starter-webmvc-api-2.5.0.jar:/Users/nkululekog/.m2/repository/org/springdoc/springdoc-openapi-starter-common/2.5.0/springdoc-openapi-starter-common-2.5.0.jar:/Users/nkululekog/.m2/repository/io/swagger/core/v3/swagger-core-jakarta/2.2.21/swagger-core-jakarta-2.2.21.jar:/Users/nkululekog/.m2/repository/io/swagger/core/v3/swagger-annotations-jakarta/2.2.21/swagger-annotations-jakarta-2.2.21.jar:/Users/nkululekog/.m2/repository/io/swagger/core/v3/swagger-models-jakarta/2.2.21/swagger-models-jakarta-2.2.21.jar:/Users/nkululekog/.m2/repository/jakarta/validation/jakarta.validation-api/3.0.2/jakarta.validation-api-3.0.2.jar:/Users/nkululekog/.m2/repository/com/fasterxml/jackson/dataformat/jackson-dataformat-yaml/2.18.2/jackson-dataformat-yaml-2.18.2.jar:/Users/nkululekog/.m2/repository/org/webjars/swagger-ui/5.13.0/swagger-ui-5.13.0.jar:"/>
    <property name="sun.cpu.endian" value="little"/>
    <property name="user.home" value="/Users/nkululekog"/>
    <property name="user.language" value="en"/>
    <property name="java.specification.vendor" value="Oracle Corporation"/>
    <property name="java.version.date" value="2023-10-17"/>
    <property name="java.home" value="/Applications/SpringToolSuite4.app/Contents/Eclipse/plugins/org.eclipse.justj.openjdk.hotspot.jre.full.macosx.x86_64_17.0.9.v20231028-0858/jre"/>
    <property name="file.separator" value="/"/>
    <property name="style.color" value="always"/>
    <property name="basedir" value="/Users/nkululekog/Documents/Projects/Cypcode/Cypcode Studios/quartz-microservice"/>
    <property name="java.vm.compressedOopsMode" value="Zero based"/>
    <property name="line.separator" value="&#10;"/>
    <property name="java.vm.specification.vendor" value="Oracle Corporation"/>
    <property name="java.specification.name" value="Java Platform API Specification"/>
    <property name="FILE_LOG_CHARSET" value="UTF-8"/>
    <property name="java.awt.headless" value="true"/>
    <property name="surefire.real.class.path" value="/Users/nkululekog/Documents/Projects/Cypcode/Cypcode Studios/quartz-microservice/target/surefire/surefirebooter-20250111214100289_3.jar"/>
    <property name="sun.management.compiler" value="HotSpot 64-Bit Tiered Compilers"/>
    <property name="ftp.nonProxyHosts" value="local|*.local|169.254/16|*.169.254/16"/>
    <property name="java.runtime.version" value="17.0.9+9"/>
    <property name="user.name" value="nkululekog"/>
    <property name="path.separator" value=":"/>
    <property name="os.version" value="12.7.2"/>
    <property name="java.runtime.name" value="OpenJDK Runtime Environment"/>
    <property name="file.encoding" value="UTF-8"/>
    <property name="java.vm.name" value="OpenJDK 64-Bit Server VM"/>
    <property name="java.vendor.version" value="Temurin-17.0.9+9"/>
    <property name="localRepository" value="/Users/nkululekog/.m2/repository"/>
    <property name="java.vendor.url.bug" value="https://github.com/adoptium/adoptium-support/issues"/>
    <property name="java.io.tmpdir" value="/var/folders/zz/7c57d2w52zdd_zr5g5pkbych0000gn/T/"/>
    <property name="com.zaxxer.hikari.pool_number" value="1"/>
    <property name="java.version" value="17.0.9"/>
    <property name="user.dir" value="/Users/nkululekog/Documents/Projects/Cypcode/Cypcode Studios/quartz-microservice"/>
    <property name="os.arch" value="x86_64"/>
    <property name="java.vm.specification.name" value="Java Virtual Machine Specification"/>
    <property name="PID" value="76056"/>
    <property name="CONSOLE_LOG_CHARSET" value="UTF-8"/>
    <property name="native.encoding" value="UTF-8"/>
    <property name="java.library.path" value="/Users/nkululekog/Library/Java/Extensions:/Library/Java/Extensions:/Network/Library/Java/Extensions:/System/Library/Java/Extensions:/usr/lib/java:."/>
    <property name="java.vm.info" value="mixed mode"/>
    <property name="java.vendor" value="Eclipse Adoptium"/>
    <property name="java.vm.version" value="17.0.9+9"/>
    <property name="sun.io.unicode.encoding" value="UnicodeBig"/>
    <property name="socksNonProxyHosts" value="local|*.local|169.254/16|*.169.254/16"/>
    <property name="java.class.version" value="61.0"/>
    <property name="LOGGED_APPLICATION_NAME" value="[quartz-microservice] "/>
  </properties>
  <testcase name="contextLoads" classname="com.cypcode.quartz_microservice.ApplicationTests" time="1.424">
    <system-out><![CDATA[21:41:03.818 [main] INFO org.springframework.test.context.support.AnnotationConfigContextLoaderUtils -- Could not detect default configuration classes for test class [com.cypcode.quartz_microservice.ApplicationTests]: ApplicationTests does not declare any static, non-private, non-final, nested classes annotated with @Configuration.
21:41:04.096 [main] INFO org.springframework.boot.test.context.SpringBootTestContextBootstrapper -- Found @SpringBootConfiguration com.cypcode.quartz_microservice.Application for test class com.cypcode.quartz_microservice.ApplicationTests
21:41:04.773 [main] INFO org.springframework.boot.devtools.restart.RestartApplicationListener -- Restart disabled due to context in which it is running

  .   ____          _            __ _ _
 /\\ / ___'_ __ _ _(_)_ __  __ _ \ \ \ \
( ( )\___ | '_ | '_| | '_ \/ _` | \ \ \ \
 \\/  ___)| |_)| | | | | || (_| |  ) ) ) )
  '  |____| .__|_| |_|_| |_\__, | / / / /
 =========|_|==============|___/=/_/_/_/

 :: Spring Boot ::                (v3.4.1)

2025-01-11T21:41:05.720+02:00  INFO 76056 --- [quartz-microservice] [           main] c.c.q.ApplicationTests                   : Starting ApplicationTests using Java 17.0.9 with PID 76056 (started by nkululekog in /Users/nkululekog/Documents/Projects/Cypcode/Cypcode Studios/quartz-microservice)
2025-01-11T21:41:05.723+02:00  INFO 76056 --- [quartz-microservice] [           main] c.c.q.ApplicationTests                   : No active profile set, falling back to 1 default profile: "default"
2025-01-11T21:41:08.997+02:00  INFO 76056 --- [quartz-microservice] [           main] .s.d.r.c.RepositoryConfigurationDelegate : Bootstrapping Spring Data JPA repositories in DEFAULT mode.
2025-01-11T21:41:09.330+02:00  INFO 76056 --- [quartz-microservice] [           main] .s.d.r.c.RepositoryConfigurationDelegate : Finished Spring Data repository scanning in 276 ms. Found 1 JPA repository interface.
2025-01-11T21:41:11.780+02:00  INFO 76056 --- [quartz-microservice] [           main] liquibase.database                       : Set default schema name to PUBLIC
2025-01-11T21:41:13.529+02:00  INFO 76056 --- [quartz-microservice] [           main] liquibase.lockservice                    : Successfully acquired change log lock
2025-01-11T21:41:13.641+02:00  INFO 76056 --- [quartz-microservice] [           main] liquibase.changelog                      : Creating database history table with name: PUBLIC.DATABASE_CHANGELOG
2025-01-11T21:41:13.655+02:00  INFO 76056 --- [quartz-microservice] [           main] liquibase.command                        : Clearing database change log checksums for database h2
2025-01-11T21:41:13.755+02:00  INFO 76056 --- [quartz-microservice] [           main] liquibase.lockservice                    : Successfully released change log lock
2025-01-11T21:41:13.756+02:00  INFO 76056 --- [quartz-microservice] [           main] liquibase.command                        : Command execution complete
2025-01-11T21:41:14.604+02:00  INFO 76056 --- [quartz-microservice] [           main] liquibase.changelog                      : Reading from PUBLIC.DATABASE_CHANGELOG
2025-01-11T21:41:14.899+02:00  INFO 76056 --- [quartz-microservice] [           main] liquibase.lockservice                    : Successfully acquired change log lock
2025-01-11T21:41:14.901+02:00  INFO 76056 --- [quartz-microservice] [           main] liquibase.command                        : Using deploymentId: 6624474900
2025-01-11T21:41:14.904+02:00  INFO 76056 --- [quartz-microservice] [           main] liquibase.changelog                      : Reading from PUBLIC.DATABASE_CHANGELOG
2025-01-11T21:41:14.957+02:00  INFO 76056 --- [quartz-microservice] [           main] liquibase.ui                             : Running Changeset: db/changelog/db.changelog.xml::1::nkululekog
2025-01-11T21:41:14.995+02:00  INFO 76056 --- [quartz-microservice] [           main] liquibase.changelog                      : Table QuartzJob created
2025-01-11T21:41:14.996+02:00  INFO 76056 --- [quartz-microservice] [           main] liquibase.changelog                      : ChangeSet db/changelog/db.changelog.xml::1::nkululekog ran successfully in 32ms
2025-01-11T21:41:15.012+02:00  INFO 76056 --- [quartz-microservice] [           main] liquibase.ui                             : Running Changeset: db/changelog/db.changelog.xml::3::nkululekog
2025-01-11T21:41:15.039+02:00  INFO 76056 --- [quartz-microservice] [           main] liquibase.changelog                      : Custom SQL executed
2025-01-11T21:41:15.040+02:00  INFO 76056 --- [quartz-microservice] [           main] liquibase.changelog                      : ChangeSet db/changelog/db.changelog.xml::3::nkululekog ran successfully in 27ms
2025-01-11T21:41:15.062+02:00  INFO 76056 --- [quartz-microservice] [           main] liquibase.util                           : UPDATE SUMMARY
2025-01-11T21:41:15.062+02:00  INFO 76056 --- [quartz-microservice] [           main] liquibase.util                           : Run:                          2
2025-01-11T21:41:15.063+02:00  INFO 76056 --- [quartz-microservice] [           main] liquibase.util                           : Previously run:               0
2025-01-11T21:41:15.063+02:00  INFO 76056 --- [quartz-microservice] [           main] liquibase.util                           : Filtered out:                 0
2025-01-11T21:41:15.063+02:00  INFO 76056 --- [quartz-microservice] [           main] liquibase.util                           : -------------------------------
2025-01-11T21:41:15.064+02:00  INFO 76056 --- [quartz-microservice] [           main] liquibase.util                           : Total change sets:            2
2025-01-11T21:41:15.066+02:00  INFO 76056 --- [quartz-microservice] [           main] liquibase.util                           : Update summary generated
2025-01-11T21:41:15.073+02:00  INFO 76056 --- [quartz-microservice] [           main] liquibase.command                        : Update command completed successfully.
2025-01-11T21:41:15.074+02:00  INFO 76056 --- [quartz-microservice] [           main] liquibase.ui                             : Liquibase: Update has been successful. Rows affected: 3
2025-01-11T21:41:15.077+02:00  INFO 76056 --- [quartz-microservice] [           main] liquibase.lockservice                    : Successfully released change log lock
2025-01-11T21:41:15.079+02:00  INFO 76056 --- [quartz-microservice] [           main] liquibase.command                        : Command execution complete
2025-01-11T21:41:15.168+02:00  INFO 76056 --- [quartz-microservice] [           main] com.zaxxer.hikari.HikariDataSource       : HikariPool-1 - Starting...
2025-01-11T21:41:15.194+02:00  INFO 76056 --- [quartz-microservice] [           main] com.zaxxer.hikari.pool.HikariPool        : HikariPool-1 - Added connection conn1: url=jdbc:h2:mem:quartzcrondb user=SA
2025-01-11T21:41:15.198+02:00  INFO 76056 --- [quartz-microservice] [           main] com.zaxxer.hikari.HikariDataSource       : HikariPool-1 - Start completed.
2025-01-11T21:41:15.800+02:00  INFO 76056 --- [quartz-microservice] [           main] o.hibernate.jpa.internal.util.LogHelper  : HHH000204: Processing PersistenceUnitInfo [name: default]
2025-01-11T21:41:16.055+02:00  INFO 76056 --- [quartz-microservice] [           main] org.hibernate.Version                    : HHH000412: Hibernate ORM core version 6.6.4.Final
2025-01-11T21:41:16.230+02:00  INFO 76056 --- [quartz-microservice] [           main] o.h.c.internal.RegionFactoryInitiator    : HHH000026: Second-level cache disabled
2025-01-11T21:41:17.293+02:00  INFO 76056 --- [quartz-microservice] [           main] o.s.o.j.p.SpringPersistenceUnitInfo      : No LoadTimeWeaver setup: ignoring JPA class transformer
2025-01-11T21:41:17.528+02:00  WARN 76056 --- [quartz-microservice] [           main] org.hibernate.orm.deprecation            : HHH90000025: H2Dialect does not need to be specified explicitly using 'hibernate.dialect' (remove the property setting and it will be selected by default)
2025-01-11T21:41:17.618+02:00  INFO 76056 --- [quartz-microservice] [           main] org.hibernate.orm.connections.pooling    : HHH10001005: Database info:
	Database JDBC URL [Connecting through datasource 'HikariDataSource (HikariPool-1)']
	Database driver: undefined/unknown
	Database version: 2.3.232
	Autocommit mode: undefined/unknown
	Isolation level: undefined/unknown
	Minimum pool size: undefined/unknown
	Maximum pool size: undefined/unknown
2025-01-11T21:41:20.312+02:00  INFO 76056 --- [quartz-microservice] [           main] o.h.e.t.j.p.i.JtaPlatformInitiator       : HHH000489: No JTA platform available (set 'hibernate.transaction.jta.platform' to enable JTA platform integration)
2025-01-11T21:41:20.452+02:00  INFO 76056 --- [quartz-microservice] [           main] j.LocalContainerEntityManagerFactoryBean : Initialized JPA EntityManagerFactory for persistence unit 'default'
2025-01-11T21:41:21.954+02:00  INFO 76056 --- [quartz-microservice] [           main] org.quartz.impl.StdSchedulerFactory      : Using default implementation for ThreadExecutor
2025-01-11T21:41:22.047+02:00  INFO 76056 --- [quartz-microservice] [           main] org.quartz.core.SchedulerSignalerImpl    : Initialized Scheduler Signaller of type: class org.quartz.core.SchedulerSignalerImpl
2025-01-11T21:41:22.048+02:00  INFO 76056 --- [quartz-microservice] [           main] org.quartz.core.QuartzScheduler          : Quartz Scheduler v.2.3.2 created.
2025-01-11T21:41:22.053+02:00  INFO 76056 --- [quartz-microservice] [           main] o.s.s.quartz.LocalDataSourceJobStore     : Using db table-based data access locking (synchronization).
2025-01-11T21:41:22.058+02:00  INFO 76056 --- [quartz-microservice] [           main] o.s.s.quartz.LocalDataSourceJobStore     : JobStoreCMT initialized.
2025-01-11T21:41:22.059+02:00  INFO 76056 --- [quartz-microservice] [           main] org.quartz.core.QuartzScheduler          : Scheduler meta-data: Quartz Scheduler (v2.3.2) 'cypcode-scheduler' with instanceId 'NON_CLUSTERED'
  Scheduler class: 'org.quartz.core.QuartzScheduler' - running locally.
  NOT STARTED.
  Currently in standby mode.
  Number of jobs executed: 0
  Using thread pool 'org.quartz.simpl.SimpleThreadPool' - with 10 threads.
  Using job-store 'org.springframework.scheduling.quartz.LocalDataSourceJobStore' - which supports persistence. and is not clustered.

2025-01-11T21:41:22.062+02:00  INFO 76056 --- [quartz-microservice] [           main] org.quartz.impl.StdSchedulerFactory      : Quartz scheduler 'cypcode-scheduler' initialized from an externally provided properties instance.
2025-01-11T21:41:22.063+02:00  INFO 76056 --- [quartz-microservice] [           main] org.quartz.impl.StdSchedulerFactory      : Quartz scheduler version: 2.3.2
2025-01-11T21:41:22.064+02:00  INFO 76056 --- [quartz-microservice] [           main] org.quartz.core.QuartzScheduler          : JobFactory set to: org.springframework.scheduling.quartz.SpringBeanJobFactory@6ad2cb6d
2025-01-11T21:41:23.072+02:00  WARN 76056 --- [quartz-microservice] [           main] JpaBaseConfiguration$JpaWebConfiguration : spring.jpa.open-in-view is enabled by default. Therefore, database queries may be performed during view rendering. Explicitly configure spring.jpa.open-in-view to disable this warning
2025-01-11T21:41:23.304+02:00  INFO 76056 --- [quartz-microservice] [           main] o.s.v.b.OptionalValidatorFactoryBean     : Failed to set up a Bean Validation provider: jakarta.validation.NoProviderFoundException: Unable to create a Configuration, because no Jakarta Bean Validation provider could be found. Add a provider like Hibernate Validator (RI) to your classpath.
2025-01-11T21:41:24.492+02:00  INFO 76056 --- [quartz-microservice] [           main] o.s.b.a.h2.H2ConsoleAutoConfiguration    : H2 console available at '/h2-console'. Database available at 'jdbc:h2:mem:quartzcrondb'
2025-01-11T21:41:24.837+02:00  INFO 76056 --- [quartz-microservice] [           main] o.s.s.quartz.SchedulerFactoryBean        : Starting Quartz Scheduler now
2025-01-11T21:41:24.939+02:00  INFO 76056 --- [quartz-microservice] [           main] o.s.s.quartz.LocalDataSourceJobStore     : Freed 0 triggers from 'acquired' / 'blocked' state.
2025-01-11T21:41:24.944+02:00  INFO 76056 --- [quartz-microservice] [           main] o.s.s.quartz.LocalDataSourceJobStore     : Recovering 0 jobs that were in-progress at the time of the last shut-down.
2025-01-11T21:41:24.945+02:00  INFO 76056 --- [quartz-microservice] [           main] o.s.s.quartz.LocalDataSourceJobStore     : Recovery complete.
2025-01-11T21:41:24.947+02:00  INFO 76056 --- [quartz-microservice] [           main] o.s.s.quartz.LocalDataSourceJobStore     : Removed 0 'complete' triggers.
2025-01-11T21:41:24.948+02:00  INFO 76056 --- [quartz-microservice] [           main] o.s.s.quartz.LocalDataSourceJobStore     : Removed 0 stale fired job entries.
2025-01-11T21:41:24.950+02:00  INFO 76056 --- [quartz-microservice] [           main] org.quartz.core.QuartzScheduler          : Scheduler cypcode-scheduler_$_NON_CLUSTERED started.
2025-01-11T21:41:25.030+02:00  INFO 76056 --- [quartz-microservice] [           main] c.c.q.ApplicationTests                   : Started ApplicationTests in 20.242 seconds (process running for 24.231)
]]></system-out>
  </testcase>
</testsuite>